Installing libgcc-4.4.7-18.el6.x86_64
warning: libgcc-4.4.7-18.el6.x86_64: Header V3 RSA/SHA1 Signature, key ID c105b9de: NOKEY
Installing setup-2.8.14-23.el6.noarch
Installing filesystem-2.4.30-3.el6.x86_64
Installing basesystem-10.0-4.el6.noarch
Installing libX11-common-1.6.4-3.el6.noarch
Installing vim-filesystem-7.4.629-5.el6_8.1.x86_64
Installing ncurses-base-5.7-4.20090207.el6.x86_64
Installing libreport-filesystem-2.0.9-33.el6.centos.x86_64
Installing tzdata-2016j-1.el6.noarch
Installing glibc-common-2.12-1.209.el6.x86_64
Installing nss-softokn-freebl-3.14.3-23.3.el6_8.x86_64
Installing glibc-2.12-1.209.el6.x86_64
Installing ncurses-libs-5.7-4.20090207.el6.x86_64
Installing bash-4.1.2-48.el6.x86_64
Installing libattr-2.4.44-7.el6.x86_64
Installing libcap-2.16-5.5.el6.x86_64
Installing zlib-1.2.3-29.el6.x86_64
Installing info-4.13a-8.el6.x86_64
Installing dbus-libs-1.2.24-8.el6_6.x86_64
Installing nspr-4.13.1-1.el6.x86_64
Installing audit-libs-2.4.5-6.el6.x86_64
Installing popt-1.13-7.el6.x86_64
Installing libxml2-2.7.6-21.el6_8.1.x86_64
Installing libacl-2.2.49-7.el6.x86_64
Installing libsepol-2.0.41-4.el6.x86_64
Installing libselinux-2.0.94-7.el6.x86_64
Installing chkconfig-1.3.49.5-1.el6.x86_64
Installing libcom_err-1.41.12-23.el6.x86_64
Installing sed-4.2.1-10.el6.x86_64
Installing libstdc++-4.4.7-18.el6.x86_64
Installing db4-4.7.25-22.el6.x86_64
Installing augeas-libs-1.0.0-10.el6.x86_64
Installing nss-util-3.27.1-3.el6.x86_64
Installing gawk-3.1.7-10.el6_7.3.x86_64
Installing libtar-1.2.11-17.el6_4.1.x86_64
Installing elfutils-libelf-0.164-2.el6.x86_64
Installing bzip2-libs-1.0.5-7.el6_0.x86_64
Installing json-c-0.11-13.el6.x86_64
Installing readline-6.0-4.el6.x86_64
Installing xmlrpc-c-1.16.24-1210.1840.el6.x86_64
Installing expat-2.0.1-13.el6_8.x86_64
Installing xz-libs-4.999.9-0.5.beta.20091007git.el6.x86_64
Installing tcp_wrappers-libs-7.6-58.el6.x86_64
Installing libuuid-2.17.2-12.28.el6.x86_64
Installing libblkid-2.17.2-12.28.el6.x86_64
Installing elfutils-libs-0.164-2.el6.x86_64
Installing bzip2-1.0.5-7.el6_0.x86_64
Installing cyrus-sasl-lib-2.1.23-15.el6_6.2.x86_64
Installing findutils-4.4.2-9.el6.x86_64
Installing libidn-1.18-2.el6.x86_64
Installing file-libs-5.04-30.el6.x86_64
Installing pciutils-libs-3.1.10-4.el6.x86_64
Installing libcap-ng-0.6.4-3.el6_0.1.x86_64
Installing libgpg-error-1.7-4.el6.x86_64
Installing libudev-147-2.73.el6_8.2.x86_64
Installing libnl-1.1.4-2.el6.x86_64
Installing libgcrypt-1.4.5-12.el6_8.x86_64
Installing lua-5.1.4-4.1.el6.x86_64
Installing sqlite-3.6.20-1.el6_7.2.x86_64
Installing pcre-7.8-7.el6.x86_64
Installing grep-2.20-6.el6.x86_64
Installing e2fsprogs-libs-1.41.12-23.el6.x86_64
Installing cpio-2.10-13.el6.x86_64
Installing which-2.19-6.el6.x86_64
Installing libjpeg-turbo-1.2.1-3.el6_5.x86_64
Installing nss-softokn-3.14.3-23.3.el6_8.x86_64
Installing xz-4.999.9-0.5.beta.20091007git.el6.x86_64
Installing libusb-0.1.12-23.el6.x86_64
Installing procps-3.2.8-45.el6.x86_64
Installing psmisc-22.6-24.el6.x86_64
Installing libselinux-utils-2.0.94-7.el6.x86_64
Installing checkpolicy-2.0.22-1.el6.x86_64
Installing libedit-2.11-4.20080712cvs.1.el6.x86_64
Installing libaio-0.3.107-10.el6.x86_64
Installing pth-2.0.7-9.3.el6.x86_64
Installing sysvinit-tools-2.87-6.dsf.el6.x86_64
Installing pkgconfig-0.23-9.1.el6.x86_64
Installing gamin-0.1.10-9.el6.x86_64
Installing glib2-2.28.8-9.el6.x86_64
Installing shared-mime-info-0.70-6.el6.x86_64
Installing dbus-glib-0.86-6.el6.x86_64
Installing libusb1-1.0.9-0.7.rc1.el6.x86_64
Installing dmidecode-2.12-7.el6.x86_64
Installing gdbm-1.8.0-39.el6.x86_64
Installing perl-Pod-Escapes-1.04-144.el6.x86_64
Installing perl-libs-5.10.1-144.el6.x86_64
Installing perl-version-0.77-144.el6.x86_64
Installing perl-Module-Pluggable-3.90-144.el6.x86_64
Installing perl-Pod-Simple-3.13-144.el6.x86_64
Installing perl-5.10.1-144.el6.x86_64
Installing libtasn1-2.3-6.el6_5.x86_64
Installing p11-kit-0.18.5-2.el6_5.2.x86_64
Installing p11-kit-trust-0.18.5-2.el6_5.2.x86_64
Installing eggdbus-0.6-3.el6.x86_64
Installing grubby-7.0.15-7.el6.x86_64
Installing desktop-file-utils-0.15-9.el6.x86_64
Installing device-mapper-persistent-data-0.6.2-0.1.rc7.el6.x86_64
Installing xz-lzma-compat-4.999.9-0.5.beta.20091007git.el6.x86_64
Installing libtiff-3.9.4-21.el6_8.x86_64
Installing jasper-libs-1.900.1-16.el6_6.3.x86_64
Installing iw-4.1-1.el6.x86_64
Installing file-5.04-30.el6.x86_64
Installing elfutils-0.164-2.el6.x86_64
Installing tcp_wrappers-7.6-58.el6.x86_64
Installing bc-1.06.95-1.el6.x86_64
Installing db4-utils-4.7.25-22.el6.x86_64
Installing hunspell-1.2.8-16.el6.x86_64
Installing gmp-4.3.1-12.el6.x86_64
Installing snappy-1.1.0-1.el6.x86_64
Installing libss-1.41.12-23.el6.x86_64
Installing e2fsprogs-1.41.12-23.el6.x86_64
Installing pinentry-0.7.6-8.el6.x86_64
Installing vim-minimal-7.4.629-5.el6_8.1.x86_64
Installing net-tools-1.60-114.el6.x86_64
Installing tar-1.23-15.el6_8.x86_64
Installing acl-2.2.49-7.el6.x86_64
Installing libnih-1.0.1-7.el6.x86_64
Installing upstart-0.6.5-16.el6.x86_64
Installing diffutils-2.8.1-28.el6.x86_64
Installing binutils-2.20.51.0.2-5.46.el6.x86_64
Installing make-3.81-23.el6.x86_64
Installing m4-1.4.13-5.el6.x86_64
Installing libpng-1.2.49-2.el6_7.x86_64
Installing vim-common-7.4.629-5.el6_8.1.x86_64
Installing dash-0.5.5.1-4.el6.x86_64
Installing ncurses-5.7-4.20090207.el6.x86_64
Installing groff-1.18.1.4-21.el6.x86_64
Installing less-436-13.el6.x86_64
Installing coreutils-libs-8.4-46.el6.x86_64
Installing gzip-1.3.12-24.el6.x86_64
Installing cracklib-2.8.16-4.el6.x86_64
Installing cracklib-dicts-2.8.16-4.el6.x86_64
Installing coreutils-8.4-46.el6.x86_64
Installing pam-1.1.1-24.el6.x86_64
Installing module-init-tools-3.9-26.el6.x86_64
Installing hwdata-0.233-18.1.el6.noarch
Installing pciutils-3.1.10-4.el6.x86_64
Installing redhat-logos-60.0.14-12.el6.centos.noarch
Installing plymouth-scripts-0.8.3-29.el6.centos.x86_64
Installing libpciaccess-0.13.4-1.el6.x86_64
Installing logrotate-3.7.8-28.el6.x86_64
Installing alsa-lib-1.1.0-4.el6.x86_64
Installing xdg-utils-1.0.2-17.20091016cvs.el6.noarch
Installing nss-3.27.1-13.el6.x86_64
Installing nss-sysinit-3.27.1-13.el6.x86_64
Installing nss-tools-3.27.1-13.el6.x86_64
Installing ca-certificates-2016.2.10-65.4.el6.noarch
Installing ethtool-3.5-6.el6.x86_64
Installing mingetty-1.08-5.el6.x86_64
Installing numactl-2.0.9-2.el6.x86_64
Installing lzo-2.03-3.1.el6_5.1.x86_64
Installing sg3_utils-libs-1.28-12.el6.x86_64
Installing plymouth-core-libs-0.8.3-29.el6.centos.x86_64
Installing hdparm-9.43-4.el6.x86_64
Installing libpcap-1.4.0-4.20130826git2dbcaa1.el6.x86_64
Installing gpm-libs-1.20.6-12.el6.x86_64
Installing sgpio-1.2.0.10-5.el6.x86_64
Installing keyutils-libs-1.4-5.el6.x86_64
Installing krb5-libs-1.10.3-65.el6.x86_64
Installing openssl-1.0.1e-57.el6.x86_64
Installing libssh2-1.4.2-2.el6_7.1.x86_64
Installing libcurl-7.19.7-52.el6.x86_64
Installing curl-7.19.7-52.el6.x86_64
Installing rpm-libs-4.8.0-55.el6.x86_64
Installing rpm-4.8.0-55.el6.x86_64
Installing openldap-2.4.40-16.el6.x86_64
Installing satyr-0.16-2.el6.x86_64
Installing xmlrpc-c-client-1.16.24-1210.1840.el6.x86_64
Installing libuser-0.56.13-8.el6_7.x86_64
Installing mailx-12.4-8.el6_6.x86_64
Installing passwd-0.77-7.el6.x86_64
Installing gnupg2-2.0.14-8.el6.x86_64
Installing gpgme-1.1.8-3.el6.x86_64
Installing man-1.6f-39.el6.x86_64
Installing bind-libs-9.8.2-0.62.rc1.el6.x86_64
Installing mysql-libs-5.1.73-8.el6_8.x86_64
Installing fipscheck-lib-1.2.0-7.el6.x86_64
Installing fipscheck-1.2.0-7.el6.x86_64
Installing ustr-1.0.4-9.1.el6.x86_64
Installing libsemanage-2.0.43-5.1.el6.x86_64
Installing shadow-utils-4.1.5.1-5.el6.x86_64
Installing dbus-1.2.24-8.el6_6.x86_64
Installing hal-libs-0.5.14-14.el6.x86_64
Installing ConsoleKit-libs-0.4.1-6.el6.x86_64
Installing polkit-0.96-11.el6.x86_64
Installing ConsoleKit-0.4.1-6.el6.x86_64
Installing libutempter-1.1.5-4.1.el6.x86_64
Installing MAKEDEV-3.24-6.el6.x86_64
Installing slang-2.2.1-1.el6.x86_64
Installing newt-0.52.11-4.el6.x86_64
Installing libffi-3.0.5-3.2.el6.x86_64
Installing python-2.6.6-66.el6_8.x86_64
Installing python-libs-2.6.6-66.el6_8.x86_64
Installing libxml2-python-2.7.6-21.el6_8.1.x86_64
Installing newt-python-0.52.11-4.el6.x86_64
Installing rpm-python-4.8.0-55.el6.x86_64
Installing dbus-python-0.83.0-6.1.el6.x86_64
Installing sos-3.2-54.el6.centos.noarch
Installing python-dmidecode-3.10.15-1.el6.x86_64
Installing python-ethtool-0.6-6.el6.x86_64
Installing yum-metadata-parser-1.1.2-16.el6.x86_64
Installing pygpgme-0.1-18.20090824bzr68.el6.x86_64
Installing python-pycurl-7.19.0-9.el6.x86_64
Installing python-urlgrabber-3.9.1-11.el6.noarch
Installing python-iniparse-0.3.1-2.1.el6.noarch
Installing yum-plugin-fastestmirror-1.1.30-40.el6.noarch
Installing yum-3.2.29-81.el6.centos.noarch
Installing python-argparse-1.2.1-2.1.el6.noarch
Installing pygobject2-2.20.0-5.el6.x86_64
Installing libproxy-bin-0.3.0-10.el6.x86_64
Installing libproxy-0.3.0-10.el6.x86_64
Installing libproxy-python-0.3.0-10.el6.x86_64
Installing libreport-plugin-rhtsupport-2.0.9-33.el6.centos.x86_64
Installing libreport-python-2.0.9-33.el6.centos.x86_64
Installing libreport-plugin-reportuploader-2.0.9-33.el6.centos.x86_64
Installing libreport-2.0.9-33.el6.centos.x86_64
Installing libreport-compat-2.0.9-33.el6.centos.x86_64
Installing abrt-libs-2.0.8-43.el6.centos.x86_64
Installing libreport-plugin-mailx-2.0.9-33.el6.centos.x86_64
Installing libreport-plugin-kerneloops-2.0.9-33.el6.centos.x86_64
Installing libreport-plugin-logger-2.0.9-33.el6.centos.x86_64
Installing libreport-cli-2.0.9-33.el6.centos.x86_64
Installing libreport-plugin-ureport-2.0.9-33.el6.centos.x86_64
Installing abrt-python-2.0.8-43.el6.centos.x86_64
Installing abrt-2.0.8-43.el6.centos.x86_64
Installing abrt-addon-kerneloops-2.0.8-43.el6.centos.x86_64
Installing abrt-addon-ccpp-2.0.8-43.el6.centos.x86_64
Installing abrt-addon-python-2.0.8-43.el6.centos.x86_64
Installing libXau-1.0.6-4.el6.x86_64
Installing libxcb-1.12-4.el6.x86_64
Installing libX11-1.6.4-3.el6.x86_64
Installing gdk-pixbuf2-2.24.1-6.el6_7.x86_64
Installing libfprint-0.1.0-19.pre2.el6.x86_64
Installing fprintd-0.1-22.git04fd09cfa.el6.x86_64
Installing busybox-1.15.1-21.el6_6.x86_64
Installing kbd-misc-1.15-11.el6.noarch
Installing centos-release-6-9.el6.12.3.x86_64
Installing policycoreutils-2.0.83-30.1.el6_8.x86_64
Installing iptables-1.4.7-16.el6.x86_64
Installing iproute-2.6.32-54.el6.x86_64
Installing libdrm-2.4.65-2.el6.x86_64
Installing plymouth-0.8.3-29.el6.centos.x86_64
Installing iputils-20071127-24.el6.x86_64
Installing util-linux-ng-2.17.2-12.28.el6.x86_64
Installing initscripts-9.03.58-1.el6.centos.x86_64
Installing udev-147-2.73.el6_8.2.x86_64
Installing device-mapper-libs-1.02.117-12.el6.x86_64
Installing device-mapper-1.02.117-12.el6.x86_64
Installing device-mapper-event-libs-1.02.117-12.el6.x86_64
Installing usermode-1.102-3.el6.x86_64
Installing device-mapper-event-1.02.117-12.el6.x86_64
Installing kpartx-0.4.9-100.el6.x86_64
Installing kbd-1.15-11.el6.x86_64
Installing dracut-004-409.el6_8.2.noarch
Installing openssh-5.3p1-122.el6.x86_64
Installing dracut-kernel-004-409.el6_8.2.noarch
Installing dmraid-1.0.0.rc16-11.el6.x86_64
Installing dmraid-events-1.0.0.rc16-11.el6.x86_64
Installing lvm2-libs-2.02.143-12.el6.x86_64
Installing abrt-tui-2.0.8-43.el6.centos.x86_64
Installing cryptsetup-luks-libs-1.2.0-11.el6.x86_64
Installing cryptsetup-luks-1.2.0-11.el6.x86_64
Installing pm-utils-1.2.5-11.el6.x86_64
Installing hal-info-20090716-5.el6.noarch
Installing hal-0.5.14-14.el6.x86_64
Installing mdadm-3.3.4-8.el6.x86_64
Installing crda-3.13_2015.10.22-3.el6.x86_64
Installing wireless-tools-29-6.el6.x86_64
Installing python-iwlib-0.1-1.2.el6.x86_64
Installing rsyslog-5.8.10-10.el6_6.x86_64
Installing ntpdate-4.2.6p5-10.el6.centos.2.x86_64
Installing cyrus-sasl-2.1.23-15.el6_6.2.x86_64
Installing postfix-2.6.6-8.el6.x86_64
Installing crontabs-1.10-33.el6.noarch
Installing cronie-anacron-1.4.4-16.el6_8.2.x86_64
Installing cronie-1.4.4-16.el6_8.2.x86_64
Installing iptables-ipv6-1.4.7-16.el6.x86_64
Installing system-config-firewall-base-1.2.27-7.2.el6_6.noarch
Installing selinux-policy-3.7.19-307.el6.noarch
Installing dhcp-common-4.1.1-53.P1.el6.centos.x86_64
Installing kernel-firmware-2.6.32-696.el6.noarch
Installing kernel-2.6.32-696.el6.x86_64
Installing irqbalance-1.0.7-8.el6.x86_64
Installing pcmciautils-015-4.2.el6.x86_64
Installing dhclient-4.1.1-53.P1.el6.centos.x86_64
Installing selinux-policy-targeted-3.7.19-307.el6.noarch
Installing system-config-firewall-tui-1.2.27-7.2.el6_6.noarch
Installing sysstat-9.0.4-33.el6.x86_64
Installing ntp-4.2.6p5-10.el6.centos.2.x86_64
Installing system-config-network-tui-1.6.0.el6.3-4.el6.noarch
Installing kexec-tools-2.0.0-307.el6.x86_64
Installing abrt-cli-2.0.8-43.el6.centos.x86_64
Installing lvm2-2.02.143-12.el6.x86_64
Installing openssh-server-5.3p1-122.el6.x86_64
Installing openssh-clients-5.3p1-122.el6.x86_64
Installing rdma-6.9_4.1-3.el6.noarch
Installing setuptool-1.19.9-4.el6.x86_64
Installing parted-2.1-29.el6.x86_64
Installing bfa-firmware-3.2.23.0-2.el6.noarch
Installing iwl5150-firmware-8.24.2.2-1.el6.noarch
Installing iwl100-firmware-39.31.5.1-1.el6.noarch
Installing iwl6050-firmware-41.28.5.1-2.el6.noarch
Installing b43-openfwwf-5.2-10.el6.noarch
Installing iwl6000g2a-firmware-17.168.5.3-1.el6.noarch
Installing aic94xx-firmware-30-2.el6.noarch
Installing iwl6000-firmware-9.221.4.1-1.el6.noarch
Installing iwl1000-firmware-39.31.5.1-1.el6.noarch
Installing biosdevname-0.7.2-1.el6.x86_64
Installing at-3.1.10-49.el6.x86_64
Installing quota-3.17-23.el6.x86_64
Installing acpid-1.0.10-3.el6.x86_64
Installing rng-tools-5-2.el6_7.x86_64
Installing readahead-1.5.6-2.el6.x86_64
Installing microcode_ctl-1.17-25.el6.x86_64
Installing cpuspeed-1.5-22.el6.x86_64
Installing smartmontools-5.43-3.el6.x86_64
Installing xinetd-2.3.14-40.el6.x86_64
Installing prelink-0.4.6-3.1.el6_4.x86_64
Installing virt-what-1.11-1.3.el6.x86_64
Installing fprintd-pam-0.1-22.git04fd09cfa.el6.x86_64
Installing yum-plugin-security-1.1.30-40.el6.noarch
Installing yum-utils-1.1.30-40.el6.noarch
Installing authconfig-6.1.12-23.el6.x86_64
Installing grub-0.97-99.el6.x86_64
Installing blktrace-1.0.1-7.el6.x86_64
Installing ntsysv-1.3.49.5-1.el6.x86_64
Installing mlocate-0.22.2-6.el6.x86_64
Installing systemtap-runtime-2.9-7.el6.x86_64
Installing tcpdump-4.0.0-11.20090921gitdf3cb4.2.el6.x86_64
Installing bind-utils-9.8.2-0.62.rc1.el6.x86_64
Installing man-pages-overrides-6.9.1-1.el6.noarch
Installing sudo-1.8.6p3-27.el6.x86_64
Installing wget-1.12-10.el6.x86_64
Installing vim-enhanced-7.4.629-5.el6_8.1.x86_64
Installing ledmon-0.79-1.el6.x86_64
Installing pinfo-0.6.9-12.el6.x86_64
Installing alsa-utils-1.1.0-10.el6.x86_64
Installing usbutils-003-6.el6.x86_64
Installing pam_passwdqc-1.0.5-8.el6.x86_64
Installing audit-2.4.5-6.el6.x86_64
Installing psacct-6.3.2-70.el6.x86_64
Installing tcsh-6.17-38.el6.x86_64
Installing hunspell-en-0.20090216-7.1.el6.noarch
Installing tmpwatch-2.9.16-6.el6.x86_64
Installing efibootmgr-0.5.4-15.el6.x86_64
Installing cyrus-sasl-plain-2.1.23-15.el6_6.2.x86_64
Installing unzip-6.0-5.el6.x86_64
Installing lsof-4.82-5.el6.x86_64
Installing rsync-3.0.6-12.el6.x86_64
Installing ed-1.1-3.3.el6.x86_64
Installing time-1.7-38.el6.x86_64
Installing nano-2.0.9-7.el6.x86_64
Installing attr-2.4.44-7.el6.x86_64
Installing scl-utils-20120927-27.el6_6.x86_64
Installing strace-4.8-11.el6.x86_64
Installing mtr-0.75-5.el6.x86_64
Installing traceroute-2.0.14-2.el6.x86_64
Installing setserial-2.17-25.el6.x86_64
Installing vconfig-1.9-8.1.el6.x86_64
Installing zip-3.0-1.el6_7.1.x86_64
Installing dosfstools-3.0.9-4.el6.x86_64
Installing rfkill-0.3-4.el6.x86_64
Installing rdate-1.4-16.el6.x86_64
Installing bridge-utils-1.2-10.el6.x86_64
Installing eject-2.1.5-17.el6.x86_64
Installing b43-fwcutter-012-2.2.el6.x86_64
Installing man-pages-3.22-20.el6.noarch
Installing words-3.0-17.el6.noarch
Installing centos-indexhtml-6-2.el6.centos.noarch
Installing ql2400-firmware-7.03.00-1.el6_5.noarch
Installing iwl5000-firmware-8.83.5.1_1-1.el6_1.1.noarch
Installing ql2100-firmware-1.19.38-3.1.el6.noarch
Installing ivtv-firmware-20080701-20.2.noarch
Installing libertas-usb8388-firmware-5.110.22.p23-3.1.el6.noarch
Installing xorg-x11-drv-ati-firmware-7.6.1-2.el6.noarch
Installing ql2500-firmware-7.03.00-1.el6_5.noarch
Installing atmel-firmware-1.3-7.el6.noarch
Installing zd1211-firmware-1.4-4.el6.noarch
Installing iwl4965-firmware-228.61.2.24-2.1.el6.noarch
Installing rt61pci-firmware-1.2-7.el6.noarch
Installing iwl3945-firmware-15.32.2.9-4.el6.noarch
Installing ql2200-firmware-2.02.08-3.1.el6.noarch
Installing rt73usb-firmware-1.8-7.el6.noarch
Installing ipw2100-firmware-1.3-11.el6.noarch
Installing ql23xx-firmware-3.03.27-3.1.el6.noarch
Installing ipw2200-firmware-3.1-4.el6.noarch
Installing rootfiles-8.1-6.1.el6.noarch
*** FINISHED INSTALLING PACKAGES ***